make all --print-data-base --no-builtin-variables --no-builtin-rules --question
# GNU Make 4.3
# Built for x86_64-pc-linux-gnu
# Copyright (C) 1988-2020 Free Software Foundation, Inc.
# License GPLv3+: GNU GPL version 3 or later <http://gnu.org/licenses/gpl.html>
# This is free software: you are free to change and redistribute it.
# There is NO WARRANTY, to the extent permitted by law.

# Make data base, printed on Thu Jul  1 10:36:38 2021

# Variables

 
# environment
GDK_BACKEND = x11
# makefile (from 'Makefile', line 20)
SRC = *.c
# environment
VSCODE_IPC_HOOK_EXTHOST = /run/user/1000/vscode-ipc-da9e6952-fde5-4856-bb04-0788e3cec230.sock
# environment
VSCODE_CWD = /home/murachid
# default
MAKE_COMMAND := make
# environment
QT_ACCESSIBILITY = 1
# automatic
@D = $(patsubst %/,%,$(dir $@))
# environment
VSCODE_HANDLES_UNCAUGHT_ERRORS = true
# default
.VARIABLES := 
# environment
PWD = /home/murachid/Desktop/pippppp-0037decc5b8a6c8015f5e3b0583f57e88b3b494d
# automatic
%D = $(patsubst %/,%,$(dir $%))
# environment
LSCOLORS = Gxfxcxdxbxegedabagacad
# environment
XDG_DATA_DIRS = /usr/share/mate:/usr/local/share/:/usr/share/
# environment
OLDPWD = /home/murachid
# automatic
^D = $(patsubst %/,%,$(dir $^))
# environment
VSCODE_LOG_STACK = false
# automatic
%F = $(notdir $%)
# environment
XDG_SESSION_PATH = /org/freedesktop/DisplayManager/Session0
# environment
LANG = en_US.UTF-8
# environment
XAUTHORITY = /home/murachid/.Xauthority
# default
.LOADED := 
# default
.INCLUDE_DIRS = /usr/local/include /usr/include /usr/include
# makefile
MAKEFLAGS = pqrR
# makefile
CURDIR := /home/murachid/Desktop/pippppp-0037decc5b8a6c8015f5e3b0583f57e88b3b494d
# environment
VSCODE_PIPE_LOGGING = true
# environment
APPLICATION_INSIGHTS_NO_DIAGNOSTIC_CHANNEL = true
# automatic
*D = $(patsubst %/,%,$(dir $*))
# environment
MFLAGS = -pqrR
# environment
SSH_AUTH_SOCK = /run/user/1000/keyring/ssh
# default
.SHELLFLAGS := -c
# automatic
+D = $(patsubst %/,%,$(dir $+))
# environment
VSCODE_CRASH_REPORTER_START_OPTIONS = {"companyName":"Microsoft","productName":"VSCodium","submitURL":"","uploadToServer":false}
# environment
XDG_SESSION_DESKTOP = lightdm-xsession
# makefile (from 'Makefile', line 1)
MAKEFILE_LIST := Makefile
# automatic
@F = $(notdir $@)
# environment
ZSH = /home/murachid/.oh-my-zsh
# environment
VSCODE_VERBOSE_LOGGING = true
# environment
VSCODE_PID = 1830
# environment
XDG_SESSION_TYPE = x11
# automatic
?D = $(patsubst %/,%,$(dir $?))
# environment
SESSION_MANAGER = local/parrot:@/tmp/.ICE-unix/1446,unix/parrot:/tmp/.ICE-unix/1446
# automatic
*F = $(notdir $*)
# environment
CHROME_DESKTOP = codium-url-handler.desktop
# environment
DBUS_SESSION_BUS_ADDRESS = unix:path=/run/user/1000/bus
# automatic
<D = $(patsubst %/,%,$(dir $<))
# environment
QT_SCALE_FACTOR = 1
# environment
VSCODE_NLS_CONFIG = {"locale":"en-us","availableLanguages":{},"_languagePackSupport":true}
# environment
BREAKPAD_DUMP_LOCATION = /home/murachid/.config/VSCodium/exthost Crash Reports
# default
MAKE_HOST := x86_64-pc-linux-gnu
# makefile
SHELL = /bin/sh
# default
MAKECMDGOALS := all
# environment
XMODIFIERS = @im=fcitx
# environment
SHLVL = 0
# environment
MAKELEVEL := 0
# default
MAKE = $(MAKE_COMMAND)
# environment
PATH = /usr/local/bin:/usr/bin:/bin:/usr/local/games:/usr/games
# default
MAKEFILES := 
# automatic
^F = $(notdir $^)
# environment
MATE_DESKTOP_SESSION_ID = this-is-deprecated
# environment
VSCODE_LOG_NATIVE = false
# automatic
?F = $(notdir $?)
# makefile (from 'Makefile', line 13)
NAME = pipex
# environment
XDG_SEAT = seat0
# environment
GTK_IM_MODULE = fcitx
# environment
XDG_CURRENT_DESKTOP = MATE
# environment
LS_COLORS = 
# automatic
+F = $(notdir $+)
# environment
XDG_SEAT_PATH = /org/freedesktop/DisplayManager/Seat0
# environment
LESS = -R
# environment
DESKTOP_SESSION = lightdm-xsession
# environment
ORIGINAL_XDG_CURRENT_DESKTOP = MATE
# 'override' directive
GNUMAKEFLAGS := 
# environment
CLUTTER_IM_MODULE = fcitx
# environment
LOGNAME = murachid
# environment
XDG_VTNR = 7
# makefile
.DEFAULT_GOAL := all
# environment
DISPLAY = :0
# environment
USER = murachid
# environment
GTK_MODULES = gail:atk-bridge
# default
MAKE_VERSION := 4.3
# environment
GIO_LAUNCHED_DESKTOP_FILE_PID = 1830
# environment
SSH_AGENT_PID = 1524
# environment
PAGER = less
# environment
VSCODE_NODE_CACHED_DATA_DIR = /home/murachid/.config/VSCodium/CachedData/cfa2e218100323074ac1948c885448fdf4de2a7f
# environment
_ = /usr/share/codium/codium
# environment
XDG_RUNTIME_DIR = /run/user/1000
# makefile (from 'Makefile', line 18)
CFLAGS = -Wall -Wextra -Werror -fsanitize=address
# environment
GPG_AGENT_INFO = /run/user/1000/gnupg/S.gpg-agent:0:1
# environment
GTK_OVERLAY_SCROLLING = 0
# environment
XDG_SESSION_CLASS = user
# environment
VSCODE_AMD_ENTRYPOINT = vs/workbench/services/extensions/node/extensionHostProcess
# environment
HOME = /home/murachid
# environment
QT_IM_MODULE = fcitx
# environment
ELECTRON_RUN_AS_NODE = 1
# environment
VSCODE_IPC_HOOK = /run/user/1000/vscode-d15c6ed0-1.56.0-main.sock
# environment
XDG_SESSION_ID = 3
# default
.RECIPEPREFIX := 
# automatic
<F = $(notdir $<)
# default
SUFFIXES := 
# environment
QT_AUTO_SCREEN_SCALE_FACTOR = 0
# environment
XDG_GREETER_DATA_DIR = /var/lib/lightdm/data/murachid
# default
.FEATURES := target-specific order-only second-expansion else-if shortest-stem undefine oneshell nocomment grouped-target extra-prereqs archives jobserver output-sync check-symlink load
# makefile (from 'Makefile', line 16)
CC = gcc
# environment
GDMSESSION = lightdm-xsession
# variable set hash-table stats:
# Load=104/1024=10%, Rehash=0, Collisions=6/137=4%

# Pattern-specific Variable Values

# No pattern-specific variable values.

# Directories

# . (device 27, inode 2101769): 19 files, no impossibilities.

# 19 files, no impossibilities in 1 directories.

# Implicit Rules

# No implicit rules.

# Files

# Not a target:
split.c:
#  Implicit rule search has been done.
#  Last modified 2021-06-30 16:46:50
#  File has been updated.
#  Successfully updated.

# Not a target:
pipex_utils.c:
#  Implicit rule search has been done.
#  Last modified 2021-06-30 16:46:50
#  File has been updated.
#  Successfully updated.

 
# Not a target:
Makefile:
#  Implicit rule search has been done.
#  Last modified 2021-07-01 00:24:34.41801798
#  File has been updated.
#  Successfully updated.

pipex: ft_execution.c ft_path.c libft.c main.c pipex.c pipex_utils.c split.c
#  Implicit rule search has not been done.
#  Last modified 2021-07-01 00:24:40.074017781
#  File has been updated.
#  Successfully updated.
#  recipe to execute (from 'Makefile', line 25):
	@$(CC) $(CFLAGS) $(SRC) -g -o $(NAME)

# Not a target:
ft_path.c:
#  Implicit rule search has been done.
#  Last modified 2021-06-30 16:46:50
#  File has been updated.
#  Successfully updated.

clean:
#  Implicit rule search has not been done.
#  Modification time never checked.
#  File has not been updated.
#  recipe to execute (from 'Makefile', line 28):
	@echo "no .o avalaible"

re: fclean all
#  Implicit rule search has not been done.
#  Modification time never checked.
#  File has not been updated.

# Not a target:
.DEFAULT:
#  Implicit rule search has not been done.
#  Modification time never checked.
#  File has not been updated.

all: pipex
#  Command line target.
#  Implicit rule search has been done.
#  File does not exist.
#  File has been updated.
#  Successfully updated.

fclean:
#  Implicit rule search has not been done.
#  Modification time never checked.
#  File has not been updated.
#  recipe to execute (from 'Makefile', line 31):
	@rm -rf $(NAME)

# Not a target:
main.c:
#  Implicit rule search has been done.
#  Last modified 2021-06-30 16:46:50
#  File has been updated.
#  Successfully updated.

# Not a target:
libft.c:
#  Implicit rule search has been done.
#  Last modified 2021-06-30 16:46:50
#  File has been updated.
#  Successfully updated.

# Not a target:
ft_execution.c:
#  Implicit rule search has been done.
#  Last modified 2021-06-30 19:14:40.996939945
#  File has been updated.
#  Successfully updated.

# Not a target:
pipex.c:
#  Implicit rule search has been done.
#  Last modified 2021-06-30 16:46:50
#  File has been updated.
#  Successfully updated.

# files hash-table stats:
# Load=15/1024=1%, Rehash=0, Collisions=0/37=0%
# VPATH Search Paths

# No 'vpath' search paths.

# No general ('VPATH' variable) search path.

# strcache buffers: 1 (0) / strings = 27 / storage = 207 B / avg = 7 B
# current buf: size = 8162 B / used = 207 B / count = 27 / avg = 7 B

# strcache performance: lookups = 48 / hit rate = 43%
# hash-table stats:
# Load=27/8192=0%, Rehash=0, Collisions=0/48=0%
# Finished Make data base on Thu Jul  1 10:36:38 2021

 
